<?xml version="1.0" encoding="UTF-8" ?>
<testsuite tests="2" failures="2" name="se.kth.iv1350.POS.model.StoreInformationTest" time="0.004" errors="0" skipped="0">
    <properties>
        <property name="java.runtime.name" value="Java(TM) SE Runtime Environment"/>
        <property name="java.vm.version" value="15.0.1+9-18"/>
        <property name="sun.boot.library.path" value="C:\Program Files\Java\jdk-15.0.1\bin"/>
        <property name="user.country.format" value="SE"/>
        <property name="maven.multiModuleProjectDirectory" value="C:\Users\danii\OneDrive\Dokument\NetBeansProjects\POS"/>
        <property name="java.vm.vendor" value="Oracle Corporation"/>
        <property name="java.vendor.url" value="https://java.oracle.com/"/>
        <property name="guice.disable.misplaced.annotation.check" value="true"/>
        <property name="path.separator" value=";"/>
        <property name="java.vm.name" value="Java HotSpot(TM) 64-Bit Server VM"/>
        <property name="sun.os.patch.level" value=""/>
        <property name="user.script" value=""/>
        <property name="user.country" value="GB"/>
        <property name="sun.java.launcher" value="SUN_STANDARD"/>
        <property name="test" value="se.kth.iv1350.POS.model.StoreInformationTest"/>
        <property name="java.vm.specification.name" value="Java Virtual Machine Specification"/>
        <property name="user.dir" value="C:\Users\danii\OneDrive\Dokument\NetBeansProjects\POS"/>
        <property name="java.vm.compressedOopsMode" value="32-bit"/>
        <property name="java.runtime.version" value="15.0.1+9-18"/>
        <property name="os.arch" value="amd64"/>
        <property name="java.io.tmpdir" value="C:\Users\danii\AppData\Local\Temp\"/>
        <property name="line.separator" value="
"/>
        <property name="java.vm.specification.vendor" value="Oracle Corporation"/>
        <property name="user.variant" value=""/>
        <property name="os.name" value="Windows 10"/>
        <property name="maven.ext.class.path" value="C:\Program Files\NetBeans-12.2\netbeans\java\maven-nblib\netbeans-eventspy.jar"/>
        <property name="classworlds.conf" value="C:\Program Files\NetBeans-12.2\netbeans\java\maven\bin\..\bin\m2.conf"/>
        <property name="sun.jnu.encoding" value="Cp1252"/>
        <property name="java.library.path" value="C:\Program Files\Java\jdk-15.0.1\bin;C:\windows\Sun\Java\bin;C:\windows\system32;C:\windows;C:\Program Files (x86)\Common Files\Oracle\Java\javapath;C:\Program Files\Common Files\Oracle\Java\javapath;C:\windows\system32;C:\windows;C:\windows\System32\Wbem;C:\windows\System32\WindowsPowerShell\v1.0\;C:\windows\System32\OpenSSH\;C:\cygwin64;C:\Program Files\dotnet\;C:\Users\danii\AppData\Local\Microsoft\WindowsApps;C:\Users\danii\.dotnet\tools;."/>
        <property name="maven.conf" value="C:\Program Files\NetBeans-12.2\netbeans\java\maven\bin\../conf"/>
        <property name="jdk.debug" value="release"/>
        <property name="java.class.version" value="59.0"/>
        <property name="java.specification.name" value="Java Platform API Specification"/>
        <property name="sun.management.compiler" value="HotSpot 64-Bit Tiered Compilers"/>
        <property name="os.version" value="10.0"/>
        <property name="library.jansi.path" value="C:\Program Files\NetBeans-12.2\netbeans\java\maven\bin\..\lib\jansi-native"/>
        <property name="user.home" value="C:\Users\danii"/>
        <property name="user.timezone" value="Europe/Stockholm"/>
        <property name="file.encoding" value="UTF-8"/>
        <property name="java.specification.version" value="15"/>
        <property name="user.name" value="danii"/>
        <property name="java.class.path" value="C:\Program Files\NetBeans-12.2\netbeans\java\maven\bin\..\boot\plexus-classworlds-2.6.0.jar"/>
        <property name="java.vm.specification.version" value="15"/>
        <property name="sun.arch.data.model" value="64"/>
        <property name="sun.java.command" value="org.codehaus.plexus.classworlds.launcher.Launcher -Dtest=se.kth.iv1350.POS.model.StoreInformationTest -Dmaven.ext.class.path=C:\Program Files\NetBeans-12.2\netbeans\java\maven-nblib\netbeans-eventspy.jar surefire:test"/>
        <property name="java.home" value="C:\Program Files\Java\jdk-15.0.1"/>
        <property name="user.language" value="en"/>
        <property name="java.specification.vendor" value="Oracle Corporation"/>
        <property name="java.vm.info" value="mixed mode, sharing"/>
        <property name="java.version" value="15.0.1"/>
        <property name="java.vendor" value="Oracle Corporation"/>
        <property name="maven.home" value="C:\Program Files\NetBeans-12.2\netbeans\java\maven\bin\.."/>
        <property name="file.separator" value="\"/>
        <property name="java.version.date" value="2020-10-20"/>
        <property name="java.vendor.url.bug" value="https://bugreport.java.com/bugreport/"/>
        <property name="sun.io.unicode.encoding" value="UnicodeLittle"/>
        <property name="sun.cpu.endian" value="little"/>
        <property name="sun.cpu.isalist" value="amd64"/>
    </properties>
    <testcase classname="se.kth.iv1350.POS.model.StoreInformationTest" name="se.kth.iv1350.POS.model.StoreInformationTest.testGetStoreName" time="0.004">
        <failure message="Cannot invoke &quot;se.kth.iv1350.POS.model.StoreInformation.getStoreName()&quot; because &quot;instance&quot; is null" type="java.lang.NullPointerException">java.lang.NullPointerException: Cannot invoke &quot;se.kth.iv1350.POS.model.StoreInformation.getStoreName()&quot; because &quot;instance&quot; is null
            at se.kth.iv1350.POS.model.StoreInformationTest.testGetStoreName(StoreInformationTest.java:55)
        </failure>
        <system-out>getStoreName
        </system-out>
    </testcase>
    <testcase classname="se.kth.iv1350.POS.model.StoreInformationTest" name="se.kth.iv1350.POS.model.StoreInformationTest.testGetStoreAddress" time="0">
        <failure message="Cannot invoke &quot;se.kth.iv1350.POS.model.StoreInformation.getStoreAddress()&quot; because &quot;instance&quot; is null" type="java.lang.NullPointerException">java.lang.NullPointerException: Cannot invoke &quot;se.kth.iv1350.POS.model.StoreInformation.getStoreAddress()&quot; because &quot;instance&quot; is null
            at se.kth.iv1350.POS.model.StoreInformationTest.testGetStoreAddress(StoreInformationTest.java:70)
        </failure>
        <system-out>getStoreAddress
        </system-out>
    </testcase>
</testsuite>